  MenuPause.cpp
C:\Users\thoma\source\repos\BlockyNewt\Pilrithia\Pilrithia\Pilrithia\MenuPause.cpp(7,63): warning C4244: 'argument': conversion from 'T' to 'float', possible loss of data
          with
          [
              T=unsigned int
          ]
C:\Users\thoma\source\repos\BlockyNewt\Pilrithia\Pilrithia\Pilrithia\MenuPause.cpp(7,42): warning C4244: 'argument': conversion from 'T' to 'float', possible loss of data
          with
          [
              T=unsigned int
          ]
  PlayerTest.cpp
C:\Users\thoma\source\repos\BlockyNewt\Pilrithia\Pilrithia\Pilrithia\PlayerTest.cpp(38,29): warning C4244: '=': conversion from 'double' to 'int', possible loss of data
C:\Users\thoma\source\repos\BlockyNewt\Pilrithia\Pilrithia\Pilrithia\PlayerTest.cpp(48,34): warning C4244: 'argument': conversion from 'float' to 'const unsigned int', possible loss of data
C:\Users\thoma\source\repos\BlockyNewt\Pilrithia\Pilrithia\Pilrithia\PlayerTest.cpp(48,29): warning C4244: 'argument': conversion from 'float' to 'const unsigned int', possible loss of data
C:\Users\thoma\source\repos\BlockyNewt\Pilrithia\Pilrithia\Pilrithia\PlayerTest.cpp(457,30): warning C4244: '=': conversion from 'double' to 'int', possible loss of data
C:\Users\thoma\source\repos\BlockyNewt\Pilrithia\Pilrithia\Pilrithia\PlayerTest.cpp(462,40): warning C4244: 'argument': conversion from 'double' to 'int', possible loss of data
C:\Users\thoma\source\repos\BlockyNewt\Pilrithia\Pilrithia\Pilrithia\PlayerTest.cpp(464,38): warning C4244: 'argument': conversion from 'double' to 'int', possible loss of data
C:\Users\thoma\source\repos\BlockyNewt\Pilrithia\Pilrithia\Pilrithia\PlayerTest.cpp(466,39): warning C4244: 'argument': conversion from 'double' to 'int', possible loss of data
C:\Users\thoma\source\repos\BlockyNewt\Pilrithia\Pilrithia\Pilrithia\PlayerTest.cpp(467,39): warning C4244: 'argument': conversion from 'double' to 'int', possible loss of data
C:\Users\thoma\source\repos\BlockyNewt\Pilrithia\Pilrithia\Pilrithia\PlayerTest.cpp(468,43): warning C4244: 'argument': conversion from 'double' to 'int', possible loss of data
C:\Users\thoma\source\repos\BlockyNewt\Pilrithia\Pilrithia\Pilrithia\PlayerTest.cpp(469,41): warning C4244: 'argument': conversion from 'double' to 'int', possible loss of data
C:\Users\thoma\source\repos\BlockyNewt\Pilrithia\Pilrithia\Pilrithia\PlayerTest.cpp(470,37): warning C4244: 'argument': conversion from 'double' to 'int', possible loss of data
  StateEditor.cpp
C:\Users\thoma\source\repos\BlockyNewt\Pilrithia\Pilrithia\Pilrithia\StateEditor.cpp(582,85): warning C4244: 'argument': conversion from 'T' to 'float', possible loss of data
          with
          [
              T=unsigned int
          ]
C:\Users\thoma\source\repos\BlockyNewt\Pilrithia\Pilrithia\Pilrithia\StateEditor.cpp(582,55): warning C4244: 'argument': conversion from 'T' to 'float', possible loss of data
          with
          [
              T=unsigned int
          ]
C:\Users\thoma\source\repos\BlockyNewt\Pilrithia\Pilrithia\Pilrithia\StateEditor.cpp(587,88): warning C4244: 'argument': conversion from 'T' to 'float', possible loss of data
          with
          [
              T=unsigned int
          ]
C:\Users\thoma\source\repos\BlockyNewt\Pilrithia\Pilrithia\Pilrithia\StateEditor.cpp(587,58): warning C4244: 'argument': conversion from 'T' to 'float', possible loss of data
          with
          [
              T=unsigned int
          ]
C:\Users\thoma\source\repos\BlockyNewt\Pilrithia\Pilrithia\Pilrithia\StateEditor.cpp(597,228): warning C4244: 'argument': conversion from 'const T' to 'T', possible loss of data
          with
          [
              T=float
          ]
          and
          [
              T=int
          ]
C:\Users\thoma\source\repos\BlockyNewt\Pilrithia\Pilrithia\Pilrithia\StateEditor.cpp(597,184): warning C4244: 'argument': conversion from 'const T' to 'T', possible loss of data
          with
          [
              T=float
          ]
          and
          [
              T=int
          ]
C:\Users\thoma\source\repos\BlockyNewt\Pilrithia\Pilrithia\Pilrithia\StateEditor.cpp(597,141): warning C4244: 'argument': conversion from 'T' to 'T', possible loss of data
          with
          [
              T=float
          ]
          and
          [
              T=int
          ]
C:\Users\thoma\source\repos\BlockyNewt\Pilrithia\Pilrithia\Pilrithia\StateEditor.cpp(597,93): warning C4244: 'argument': conversion from 'T' to 'T', possible loss of data
          with
          [
              T=float
          ]
          and
          [
              T=int
          ]
  Tilemap.cpp
C:\Users\thoma\source\repos\BlockyNewt\Pilrithia\Pilrithia\Pilrithia\Tilemap.cpp(21,31): warning C4244: '=': conversion from 'float' to 'T', possible loss of data
          with
          [
              T=int
          ]
C:\Users\thoma\source\repos\BlockyNewt\Pilrithia\Pilrithia\Pilrithia\Tilemap.cpp(22,30): warning C4244: '=': conversion from 'float' to 'T', possible loss of data
          with
          [
              T=int
          ]
C:\Users\thoma\source\repos\BlockyNewt\Pilrithia\Pilrithia\Pilrithia\Tilemap.cpp(29,20): warning C4018: '<': signed/unsigned mismatch
C:\Users\thoma\source\repos\BlockyNewt\Pilrithia\Pilrithia\Pilrithia\Tilemap.cpp(31,21): warning C4018: '<': signed/unsigned mismatch
C:\Users\thoma\source\repos\BlockyNewt\Pilrithia\Pilrithia\Pilrithia\Tilemap.cpp(36,22): warning C4018: '<': signed/unsigned mismatch
C:\Users\thoma\source\repos\BlockyNewt\Pilrithia\Pilrithia\Pilrithia\Tilemap.cpp(47,20): warning C4018: '<': signed/unsigned mismatch
C:\Users\thoma\source\repos\BlockyNewt\Pilrithia\Pilrithia\Pilrithia\Tilemap.cpp(49,21): warning C4018: '<': signed/unsigned mismatch
C:\Users\thoma\source\repos\BlockyNewt\Pilrithia\Pilrithia\Pilrithia\Tilemap.cpp(112,26): warning C4018: '<': signed/unsigned mismatch
C:\Users\thoma\source\repos\BlockyNewt\Pilrithia\Pilrithia\Pilrithia\Tilemap.cpp(214,21): warning C4018: '<': signed/unsigned mismatch
C:\Users\thoma\source\repos\BlockyNewt\Pilrithia\Pilrithia\Pilrithia\Tilemap.cpp(216,19): warning C4244: 'argument': conversion from 'float' to 'const unsigned int', possible loss of data
C:\Users\thoma\source\repos\BlockyNewt\Pilrithia\Pilrithia\Pilrithia\Tilemap.cpp(216,29): warning C4244: 'argument': conversion from 'float' to 'const unsigned int', possible loss of data
C:\Users\thoma\source\repos\BlockyNewt\Pilrithia\Pilrithia\Pilrithia\Tilemap.cpp(219,16): warning C4244: 'argument': conversion from 'float' to 'const unsigned int', possible loss of data
C:\Users\thoma\source\repos\BlockyNewt\Pilrithia\Pilrithia\Pilrithia\Tilemap.cpp(219,26): warning C4244: 'argument': conversion from 'float' to 'const unsigned int', possible loss of data
C:\Users\thoma\source\repos\BlockyNewt\Pilrithia\Pilrithia\Pilrithia\Tilemap.cpp(243,21): warning C4018: '<': signed/unsigned mismatch
C:\Users\thoma\source\repos\BlockyNewt\Pilrithia\Pilrithia\Pilrithia\Tilemap.cpp(245,19): warning C4244: 'argument': conversion from 'float' to 'const unsigned int', possible loss of data
C:\Users\thoma\source\repos\BlockyNewt\Pilrithia\Pilrithia\Pilrithia\Tilemap.cpp(245,29): warning C4244: 'argument': conversion from 'float' to 'const unsigned int', possible loss of data
C:\Users\thoma\source\repos\BlockyNewt\Pilrithia\Pilrithia\Pilrithia\Tilemap.cpp(247,23): warning C4244: 'argument': conversion from 'float' to 'const unsigned int', possible loss of data
C:\Users\thoma\source\repos\BlockyNewt\Pilrithia\Pilrithia\Pilrithia\Tilemap.cpp(247,33): warning C4244: 'argument': conversion from 'float' to 'const unsigned int', possible loss of data
C:\Users\thoma\source\repos\BlockyNewt\Pilrithia\Pilrithia\Pilrithia\Tilemap.cpp(249,16): warning C4244: 'argument': conversion from 'float' to 'const unsigned int', possible loss of data
C:\Users\thoma\source\repos\BlockyNewt\Pilrithia\Pilrithia\Pilrithia\Tilemap.cpp(249,26): warning C4244: 'argument': conversion from 'float' to 'const unsigned int', possible loss of data
C:\Users\thoma\source\repos\BlockyNewt\Pilrithia\Pilrithia\Pilrithia\Tilemap.cpp(291,21): warning C4018: '<': signed/unsigned mismatch
C:\Users\thoma\source\repos\BlockyNewt\Pilrithia\Pilrithia\Pilrithia\Tilemap.cpp(293,22): warning C4018: '<': signed/unsigned mismatch
C:\Users\thoma\source\repos\BlockyNewt\Pilrithia\Pilrithia\Pilrithia\Tilemap.cpp(295,23): warning C4018: '<': signed/unsigned mismatch
C:\Users\thoma\source\repos\BlockyNewt\Pilrithia\Pilrithia\Pilrithia\Tilemap.cpp(352,21): warning C4018: '<': signed/unsigned mismatch
C:\Users\thoma\source\repos\BlockyNewt\Pilrithia\Pilrithia\Pilrithia\Tilemap.cpp(354,22): warning C4018: '<': signed/unsigned mismatch
C:\Users\thoma\source\repos\BlockyNewt\Pilrithia\Pilrithia\Pilrithia\Tilemap.cpp(359,23): warning C4018: '<': signed/unsigned mismatch
C:\Users\thoma\source\repos\BlockyNewt\Pilrithia\Pilrithia\Pilrithia\Tilemap.cpp(369,21): warning C4018: '<': signed/unsigned mismatch
C:\Users\thoma\source\repos\BlockyNewt\Pilrithia\Pilrithia\Pilrithia\Tilemap.cpp(371,22): warning C4018: '<': signed/unsigned mismatch
C:\Users\thoma\source\repos\BlockyNewt\Pilrithia\Pilrithia\Pilrithia\Tilemap.cpp(433,20): warning C4018: '<': signed/unsigned mismatch
C:\Users\thoma\source\repos\BlockyNewt\Pilrithia\Pilrithia\Pilrithia\Tilemap.cpp(435,21): warning C4018: '<': signed/unsigned mismatch
C:\Users\thoma\source\repos\BlockyNewt\Pilrithia\Pilrithia\Pilrithia\Tilemap.cpp(440,22): warning C4018: '<': signed/unsigned mismatch
C:\Users\thoma\source\repos\BlockyNewt\Pilrithia\Pilrithia\Pilrithia\Tilemap.cpp(453,20): warning C4018: '<': signed/unsigned mismatch
C:\Users\thoma\source\repos\BlockyNewt\Pilrithia\Pilrithia\Pilrithia\Tilemap.cpp(455,21): warning C4018: '<': signed/unsigned mismatch
C:\Users\thoma\source\repos\BlockyNewt\Pilrithia\Pilrithia\Pilrithia\Tilemap.cpp(460,22): warning C4018: '<': signed/unsigned mismatch
C:\Users\thoma\source\repos\BlockyNewt\Pilrithia\Pilrithia\Pilrithia\Tilemap.cpp(470,20): warning C4018: '<': signed/unsigned mismatch
C:\Users\thoma\source\repos\BlockyNewt\Pilrithia\Pilrithia\Pilrithia\Tilemap.cpp(472,21): warning C4018: '<': signed/unsigned mismatch
C:\Users\thoma\source\repos\BlockyNewt\Pilrithia\Pilrithia\Pilrithia\Tilemap.cpp(495,21): warning C4018: '<': signed/unsigned mismatch
C:\Users\thoma\source\repos\BlockyNewt\Pilrithia\Pilrithia\Pilrithia\Tilemap.cpp(497,22): warning C4018: '<': signed/unsigned mismatch
C:\Users\thoma\source\repos\BlockyNewt\Pilrithia\Pilrithia\Pilrithia\Tilemap.cpp(514,21): warning C4018: '<': signed/unsigned mismatch
C:\Users\thoma\source\repos\BlockyNewt\Pilrithia\Pilrithia\Pilrithia\Tilemap.cpp(516,22): warning C4018: '<': signed/unsigned mismatch
C:\Users\thoma\source\repos\BlockyNewt\Pilrithia\Pilrithia\Pilrithia\Tilemap.cpp(544,20): warning C4018: '<': signed/unsigned mismatch
C:\Users\thoma\source\repos\BlockyNewt\Pilrithia\Pilrithia\Pilrithia\Tilemap.cpp(546,21): warning C4018: '<': signed/unsigned mismatch
C:\Users\thoma\source\repos\BlockyNewt\Pilrithia\Pilrithia\Pilrithia\Tilemap.cpp(551,22): warning C4018: '<': signed/unsigned mismatch
C:\Users\thoma\source\repos\BlockyNewt\Pilrithia\Pilrithia\Pilrithia\Tilemap.cpp(561,20): warning C4018: '<': signed/unsigned mismatch
C:\Users\thoma\source\repos\BlockyNewt\Pilrithia\Pilrithia\Pilrithia\Tilemap.cpp(563,21): warning C4018: '<': signed/unsigned mismatch
C:\Users\thoma\source\repos\BlockyNewt\Pilrithia\Pilrithia\Pilrithia\Tilemap.cpp(582,20): warning C4018: '<': signed/unsigned mismatch
C:\Users\thoma\source\repos\BlockyNewt\Pilrithia\Pilrithia\Pilrithia\Tilemap.cpp(584,21): warning C4018: '<': signed/unsigned mismatch
C:\Users\thoma\source\repos\BlockyNewt\Pilrithia\Pilrithia\Pilrithia\Tilemap.cpp(594,20): warning C4018: '<': signed/unsigned mismatch
C:\Users\thoma\source\repos\BlockyNewt\Pilrithia\Pilrithia\Pilrithia\Tilemap.cpp(596,21): warning C4018: '<': signed/unsigned mismatch
C:\Users\thoma\source\repos\BlockyNewt\Pilrithia\Pilrithia\Pilrithia\Tilemap.cpp(606,20): warning C4018: '<': signed/unsigned mismatch
C:\Users\thoma\source\repos\BlockyNewt\Pilrithia\Pilrithia\Pilrithia\Tilemap.cpp(608,21): warning C4018: '<': signed/unsigned mismatch
C:\Users\thoma\source\repos\BlockyNewt\Pilrithia\Pilrithia\Pilrithia\Tilemap.cpp(626,21): warning C4018: '<': signed/unsigned mismatch
C:\Users\thoma\source\repos\BlockyNewt\Pilrithia\Pilrithia\Pilrithia\Tilemap.cpp(628,22): warning C4018: '<': signed/unsigned mismatch
C:\Users\thoma\source\repos\BlockyNewt\Pilrithia\Pilrithia\Pilrithia\Tilemap.cpp(630,23): warning C4018: '<': signed/unsigned mismatch
C:\Users\thoma\source\repos\BlockyNewt\Pilrithia\Pilrithia\Pilrithia\Tilemap.cpp(739,21): warning C4018: '<': signed/unsigned mismatch
C:\Users\thoma\source\repos\BlockyNewt\Pilrithia\Pilrithia\Pilrithia\Tilemap.cpp(741,22): warning C4018: '<': signed/unsigned mismatch
C:\Users\thoma\source\repos\BlockyNewt\Pilrithia\Pilrithia\Pilrithia\Tilemap.cpp(743,23): warning C4018: '<': signed/unsigned mismatch
  Generating code
  8 of 1764 functions ( 0.5%) were compiled, the rest were copied from previous compilation.
    0 functions were new in current compilation
    19 functions had inline decision re-evaluated but remain unchanged
  Finished generating code
  Pilrithia.vcxproj -> C:\Users\thoma\source\repos\BlockyNewt\Pilrithia\Pilrithia\Release\Pilrithia.exe
