  StateTestZone.cpp
C:\Users\thoma\source\repos\BlockyNewt\Pilrithia\Pilrithia\Pilrithia\StateTestZone.cpp(77,20): warning C4018: '<': signed/unsigned mismatch
C:\Users\thoma\source\repos\BlockyNewt\Pilrithia\Pilrithia\Pilrithia\StateTestZone.cpp(266,20): warning C4018: '<': signed/unsigned mismatch
C:\Users\thoma\source\repos\BlockyNewt\Pilrithia\Pilrithia\Pilrithia\StateTestZone.cpp(282,28): warning C4018: '<': signed/unsigned mismatch
C:\Users\thoma\source\repos\BlockyNewt\Pilrithia\Pilrithia\Pilrithia\StateTestZone.cpp(290,20): warning C4018: '<': signed/unsigned mismatch
C:\Users\thoma\source\repos\BlockyNewt\Pilrithia\Pilrithia\Pilrithia\StateTestZone.cpp(395,96): warning C4244: 'argument': conversion from 'T' to 'T', possible loss of data
          with
          [
              T=unsigned int
          ]
          and
          [
              T=float
          ]
C:\Users\thoma\source\repos\BlockyNewt\Pilrithia\Pilrithia\Pilrithia\StateTestZone.cpp(395,68): warning C4244: 'argument': conversion from 'T' to 'T', possible loss of data
          with
          [
              T=unsigned int
          ]
          and
          [
              T=float
          ]
  Pilrithia.vcxproj -> C:\Users\thoma\source\repos\BlockyNewt\Pilrithia\Pilrithia\Debug\Pilrithia.exe
