c:\users\thoma\source\repos\blockynewt\pilrithia\pilrithia\pilrithia\debug\vc142.pdb
c:\users\thoma\source\repos\blockynewt\pilrithia\pilrithia\pilrithia\debug\vc142.idb
c:\users\thoma\source\repos\blockynewt\pilrithia\pilrithia\pilrithia\debug\tilemap.obj
c:\users\thoma\source\repos\blockynewt\pilrithia\pilrithia\pilrithia\debug\tile.obj
c:\users\thoma\source\repos\blockynewt\pilrithia\pilrithia\pilrithia\debug\text.obj
c:\users\thoma\source\repos\blockynewt\pilrithia\pilrithia\pilrithia\debug\statemainmenu.obj
c:\users\thoma\source\repos\blockynewt\pilrithia\pilrithia\pilrithia\debug\stateeditor.obj
c:\users\thoma\source\repos\blockynewt\pilrithia\pilrithia\pilrithia\debug\state.obj
c:\users\thoma\source\repos\blockynewt\pilrithia\pilrithia\pilrithia\debug\menusetting.obj
c:\users\thoma\source\repos\blockynewt\pilrithia\pilrithia\pilrithia\debug\menupause.obj
c:\users\thoma\source\repos\blockynewt\pilrithia\pilrithia\pilrithia\debug\main.obj
c:\users\thoma\source\repos\blockynewt\pilrithia\pilrithia\pilrithia\debug\inputbox.obj
c:\users\thoma\source\repos\blockynewt\pilrithia\pilrithia\pilrithia\debug\engine.obj
c:\users\thoma\source\repos\blockynewt\pilrithia\pilrithia\pilrithia\debug\camera.obj
c:\users\thoma\source\repos\blockynewt\pilrithia\pilrithia\pilrithia\debug\button.obj
c:\users\thoma\source\repos\blockynewt\pilrithia\pilrithia\pilrithia\debug\box.obj
d:\users\tommy\documents\github\pilrithia\pilrithia\pilrithia\debug\vc142.pdb
d:\users\tommy\documents\github\pilrithia\pilrithia\pilrithia\debug\vc142.idb
d:\users\tommy\documents\github\pilrithia\pilrithia\pilrithia\debug\tilemap.obj
d:\users\tommy\documents\github\pilrithia\pilrithia\pilrithia\debug\tile.obj
d:\users\tommy\documents\github\pilrithia\pilrithia\pilrithia\debug\text.obj
d:\users\tommy\documents\github\pilrithia\pilrithia\pilrithia\debug\statemainmenu.obj
d:\users\tommy\documents\github\pilrithia\pilrithia\pilrithia\debug\stateeditor.obj
d:\users\tommy\documents\github\pilrithia\pilrithia\pilrithia\debug\state.obj
d:\users\tommy\documents\github\pilrithia\pilrithia\pilrithia\debug\menusetting.obj
d:\users\tommy\documents\github\pilrithia\pilrithia\pilrithia\debug\menupause.obj
d:\users\tommy\documents\github\pilrithia\pilrithia\pilrithia\debug\main.obj
d:\users\tommy\documents\github\pilrithia\pilrithia\pilrithia\debug\inputbox.obj
d:\users\tommy\documents\github\pilrithia\pilrithia\pilrithia\debug\engine.obj
d:\users\tommy\documents\github\pilrithia\pilrithia\pilrithia\debug\camera.obj
d:\users\tommy\documents\github\pilrithia\pilrithia\pilrithia\debug\button.obj
d:\users\tommy\documents\github\pilrithia\pilrithia\pilrithia\debug\box.obj
c:\users\thoma\source\repos\blockynewt\pilrithia\pilrithia\debug\pilrithia.exe
c:\users\thoma\source\repos\blockynewt\pilrithia\pilrithia\debug\pilrithia.ilk
c:\users\thoma\source\repos\blockynewt\pilrithia\pilrithia\debug\pilrithia.pdb
d:\users\tommy\documents\github\pilrithia\pilrithia\debug\pilrithia.ilk
d:\users\tommy\documents\github\pilrithia\pilrithia\debug\pilrithia.exe
d:\users\tommy\documents\github\pilrithia\pilrithia\debug\pilrithia.pdb
d:\users\tommy\documents\github\pilrithia\pilrithia\pilrithia\debug\pilrithia.tlog\cl.command.1.tlog
d:\users\tommy\documents\github\pilrithia\pilrithia\pilrithia\debug\pilrithia.tlog\cl.read.1.tlog
d:\users\tommy\documents\github\pilrithia\pilrithia\pilrithia\debug\pilrithia.tlog\cl.write.1.tlog
d:\users\tommy\documents\github\pilrithia\pilrithia\pilrithia\debug\pilrithia.tlog\link.command.1.tlog
d:\users\tommy\documents\github\pilrithia\pilrithia\pilrithia\debug\pilrithia.tlog\link.read.1.tlog
d:\users\tommy\documents\github\pilrithia\pilrithia\pilrithia\debug\pilrithia.tlog\link.write.1.tlog
