  StateTestZone.cpp
C:\Users\thoma\source\repos\Pilrithia\Pilrithia\Pilrithia\StateTestZone.cpp(81,20): warning C4018: '<': signed/unsigned mismatch
C:\Users\thoma\source\repos\Pilrithia\Pilrithia\Pilrithia\StateTestZone.cpp(277,20): warning C4018: '<': signed/unsigned mismatch
C:\Users\thoma\source\repos\Pilrithia\Pilrithia\Pilrithia\StateTestZone.cpp(293,28): warning C4018: '<': signed/unsigned mismatch
C:\Users\thoma\source\repos\Pilrithia\Pilrithia\Pilrithia\StateTestZone.cpp(301,20): warning C4018: '<': signed/unsigned mismatch
C:\Users\thoma\source\repos\Pilrithia\Pilrithia\Pilrithia\StateTestZone.cpp(428,96): warning C4244: 'argument': conversion from 'T' to 'T', possible loss of data
          with
          [
              T=unsigned int
          ]
          and
          [
              T=float
          ]
C:\Users\thoma\source\repos\Pilrithia\Pilrithia\Pilrithia\StateTestZone.cpp(428,68): warning C4244: 'argument': conversion from 'T' to 'T', possible loss of data
          with
          [
              T=unsigned int
          ]
          and
          [
              T=float
          ]
  Generating code
  0 of 3008 functions ( 0.0%) were compiled, the rest were copied from previous compilation.
    0 functions were new in current compilation
    0 functions had inline decision re-evaluated but remain unchanged
  Finished generating code
  Pilrithia.vcxproj -> C:\Users\thoma\Source\Repos\Pilrithia\Pilrithia\Release\Pilrithia.exe
